{"/Users/andre/dev/Simple. Finance/src/main.ts": {"path":"/Users/andre/dev/Simple. Finance/src/main.ts","all":true,"statementMap":{"0":{"start":{"line":1,"column":0},"end":{"line":1,"column":20}}},"s":{"0":0},"branchMap":{"0":{"type":"branch","line":1,"loc":{"start":{"line":1,"column":0},"end":{"line":1,"column":20}},"locations":[{"start":{"line":1,"column":0},"end":{"line":1,"column":20}}]}},"b":{"0":[0]},"fnMap":{"0":{"name":"(empty-report)","decl":{"start":{"line":1,"column":0},"end":{"line":1,"column":20}},"loc":{"start":{"line":1,"column":0},"end":{"line":1,"column":20}},"line":1}},"f":{"0":0}}
}
